<?xml version="1.0" encoding="UTF-8"?>
<!DOCTYPE coverage SYSTEM "https://raw.githubusercontent.com/cobertura/cobertura/master/cobertura/src/site/htdocs/xml/coverage-04.dtd">
<coverage line-rate="0.836224489795918" branch-rate="0" lines-covered="1639" lines-valid="1960" branches-covered="0" branches-valid="0" complexity="0" version="3.6.4" timestamp="2025-02-25 13:06:38.270882">
  <sources>
    <source>/Users/mohamedyusuf/Documents/Projects/Consaltuncies/WHO-AFRO/AgePopDenom</source>
  </sources>
  <packages>
    <package name="AgePopDenom" line-rate="0.836224489795918" branch-rate="0" complexity="0">
      <classes>
        <class name="datasets.R" filename="R/datasets.R" line-rate="0.72258064516129" branch-rate="0" complexity="0">
          <methods>
            <method name="download_dhs_datasets" signature="" line-rate="0" branch-rate="0" complexity="0">
              <lines>
                <line number="30" hits="0" branch="false"/>
                <line number="31" hits="0" branch="false"/>
                <line number="32" hits="0" branch="false"/>
                <line number="34" hits="0" branch="false"/>
                <line number="37" hits="0" branch="false"/>
                <line number="38" hits="0" branch="false"/>
                <line number="39" hits="0" branch="false"/>
                <line number="40" hits="0" branch="false"/>
                <line number="41" hits="0" branch="false"/>
                <line number="42" hits="0" branch="false"/>
                <line number="43" hits="0" branch="false"/>
                <line number="44" hits="0" branch="false"/>
                <line number="45" hits="0" branch="false"/>
                <line number="46" hits="0" branch="false"/>
                <line number="47" hits="0" branch="false"/>
                <line number="49" hits="0" branch="false"/>
                <line number="52" hits="0" branch="false"/>
                <line number="53" hits="0" branch="false"/>
                <line number="54" hits="0" branch="false"/>
                <line number="55" hits="0" branch="false"/>
                <line number="56" hits="0" branch="false"/>
                <line number="57" hits="0" branch="false"/>
                <line number="60" hits="0" branch="false"/>
                <line number="61" hits="0" branch="false"/>
                <line number="62" hits="0" branch="false"/>
                <line number="63" hits="0" branch="false"/>
                <line number="64" hits="0" branch="false"/>
                <line number="65" hits="0" branch="false"/>
                <line number="66" hits="0" branch="false"/>
                <line number="67" hits="0" branch="false"/>
                <line number="72" hits="0" branch="false"/>
                <line number="73" hits="0" branch="false"/>
                <line number="74" hits="0" branch="false"/>
                <line number="75" hits="0" branch="false"/>
                <line number="76" hits="0" branch="false"/>
                <line number="77" hits="0" branch="false"/>
                <line number="78" hits="0" branch="false"/>
                <line number="79" hits="0" branch="false"/>
                <line number="80" hits="0" branch="false"/>
                <line number="81" hits="0" branch="false"/>
                <line number="82" hits="0" branch="false"/>
                <line number="83" hits="0" branch="false"/>
                <line number="86" hits="0" branch="false"/>
                <line number="88" hits="0" branch="false"/>
                <line number="89" hits="0" branch="false"/>
                <line number="90" hits="0" branch="false"/>
                <line number="91" hits="0" branch="false"/>
                <line number="92" hits="0" branch="false"/>
                <line number="95" hits="0" branch="false"/>
                <line number="96" hits="0" branch="false"/>
                <line number="97" hits="0" branch="false"/>
                <line number="98" hits="0" branch="false"/>
                <line number="99" hits="0" branch="false"/>
                <line number="100" hits="0" branch="false"/>
                <line number="103" hits="0" branch="false"/>
                <line number="104" hits="0" branch="false"/>
                <line number="105" hits="0" branch="false"/>
                <line number="106" hits="0" branch="false"/>
                <line number="107" hits="0" branch="false"/>
                <line number="108" hits="0" branch="false"/>
                <line number="109" hits="0" branch="false"/>
                <line number="111" hits="0" branch="false"/>
                <line number="113" hits="0" branch="false"/>
                <line number="114" hits="0" branch="false"/>
                <line number="115" hits="0" branch="false"/>
                <line number="116" hits="0" branch="false"/>
                <line number="117" hits="0" branch="false"/>
                <line number="120" hits="0" branch="false"/>
                <line number="121" hits="0" branch="false"/>
                <line number="122" hits="0" branch="false"/>
                <line number="123" hits="0" branch="false"/>
                <line number="124" hits="0" branch="false"/>
                <line number="125" hits="0" branch="false"/>
                <line number="127" hits="0" branch="false"/>
                <line number="128" hits="0" branch="false"/>
              </lines>
            </method>
            <method name="aggregate_and_extract_gamma" signature="" line-rate="0.933962264150943" branch-rate="0" complexity="0">
              <lines>
                <line number="162" hits="2" branch="false"/>
                <line number="163" hits="2" branch="false"/>
                <line number="164" hits="2" branch="false"/>
                <line number="165" hits="0" branch="false"/>
                <line number="166" hits="0" branch="false"/>
                <line number="167" hits="0" branch="false"/>
                <line number="168" hits="0" branch="false"/>
                <line number="169" hits="0" branch="false"/>
                <line number="170" hits="0" branch="false"/>
                <line number="171" hits="0" branch="false"/>
                <line number="175" hits="2" branch="false"/>
                <line number="176" hits="2" branch="false"/>
                <line number="177" hits="2" branch="false"/>
                <line number="178" hits="2" branch="false"/>
                <line number="179" hits="2" branch="false"/>
                <line number="180" hits="2" branch="false"/>
                <line number="182" hits="2" branch="false"/>
                <line number="183" hits="2" branch="false"/>
                <line number="184" hits="2" branch="false"/>
                <line number="185" hits="2" branch="false"/>
                <line number="186" hits="2" branch="false"/>
                <line number="188" hits="2" branch="false"/>
                <line number="189" hits="2" branch="false"/>
                <line number="190" hits="2" branch="false"/>
                <line number="193" hits="2" branch="false"/>
                <line number="194" hits="2" branch="false"/>
                <line number="195" hits="2" branch="false"/>
                <line number="196" hits="2" branch="false"/>
                <line number="197" hits="2" branch="false"/>
                <line number="198" hits="2" branch="false"/>
                <line number="199" hits="2" branch="false"/>
                <line number="201" hits="2" branch="false"/>
                <line number="202" hits="2" branch="false"/>
                <line number="203" hits="2" branch="false"/>
                <line number="204" hits="2" branch="false"/>
                <line number="205" hits="2" branch="false"/>
                <line number="206" hits="2" branch="false"/>
                <line number="207" hits="2" branch="false"/>
                <line number="208" hits="2" branch="false"/>
                <line number="209" hits="2" branch="false"/>
                <line number="210" hits="2" branch="false"/>
                <line number="211" hits="2" branch="false"/>
                <line number="213" hits="2" branch="false"/>
                <line number="214" hits="2" branch="false"/>
                <line number="215" hits="2" branch="false"/>
                <line number="217" hits="2" branch="false"/>
                <line number="218" hits="2" branch="false"/>
                <line number="219" hits="2" branch="false"/>
                <line number="220" hits="2" branch="false"/>
                <line number="221" hits="2" branch="false"/>
                <line number="223" hits="2" branch="false"/>
                <line number="224" hits="2" branch="false"/>
                <line number="225" hits="2" branch="false"/>
                <line number="227" hits="2" branch="false"/>
                <line number="228" hits="2" branch="false"/>
                <line number="229" hits="2" branch="false"/>
                <line number="231" hits="2" branch="false"/>
                <line number="232" hits="2" branch="false"/>
                <line number="233" hits="2" branch="false"/>
                <line number="234" hits="2" branch="false"/>
                <line number="235" hits="2" branch="false"/>
                <line number="236" hits="2" branch="false"/>
                <line number="238" hits="2" branch="false"/>
                <line number="239" hits="2" branch="false"/>
                <line number="240" hits="2" branch="false"/>
                <line number="242" hits="2" branch="false"/>
                <line number="243" hits="2" branch="false"/>
                <line number="244" hits="2" branch="false"/>
                <line number="245" hits="2" branch="false"/>
                <line number="246" hits="2" branch="false"/>
                <line number="247" hits="2" branch="false"/>
                <line number="248" hits="2" branch="false"/>
                <line number="249" hits="2" branch="false"/>
                <line number="251" hits="2" branch="false"/>
                <line number="252" hits="2" branch="false"/>
                <line number="253" hits="2" branch="false"/>
                <line number="254" hits="2" branch="false"/>
                <line number="255" hits="2" branch="false"/>
                <line number="256" hits="2" branch="false"/>
                <line number="257" hits="2" branch="false"/>
                <line number="258" hits="2" branch="false"/>
                <line number="259" hits="2" branch="false"/>
                <line number="260" hits="2" branch="false"/>
                <line number="261" hits="2" branch="false"/>
                <line number="262" hits="2" branch="false"/>
                <line number="263" hits="2" branch="false"/>
                <line number="264" hits="2" branch="false"/>
                <line number="265" hits="2" branch="false"/>
                <line number="266" hits="2" branch="false"/>
                <line number="267" hits="2" branch="false"/>
                <line number="268" hits="2" branch="false"/>
                <line number="269" hits="2" branch="false"/>
                <line number="270" hits="2" branch="false"/>
                <line number="271" hits="2" branch="false"/>
                <line number="272" hits="2" branch="false"/>
                <line number="273" hits="2" branch="false"/>
                <line number="274" hits="2" branch="false"/>
                <line number="275" hits="2" branch="false"/>
                <line number="276" hits="2" branch="false"/>
                <line number="277" hits="2" branch="false"/>
                <line number="278" hits="2" branch="false"/>
                <line number="279" hits="2" branch="false"/>
                <line number="283" hits="2" branch="false"/>
                <line number="284" hits="2" branch="false"/>
                <line number="285" hits="2" branch="false"/>
                <line number="286" hits="2" branch="false"/>
              </lines>
            </method>
            <method name="process_dhs_data" signature="" line-rate="0.967741935483871" branch-rate="0" complexity="0">
              <lines>
                <line number="411" hits="1" branch="false"/>
                <line number="414" hits="1" branch="false"/>
                <line number="415" hits="1" branch="false"/>
                <line number="418" hits="1" branch="false"/>
                <line number="419" hits="1" branch="false"/>
                <line number="420" hits="1" branch="false"/>
                <line number="423" hits="1" branch="false"/>
                <line number="424" hits="2" branch="false"/>
                <line number="425" hits="2" branch="false"/>
                <line number="428" hits="2" branch="false"/>
                <line number="429" hits="2" branch="false"/>
                <line number="430" hits="2" branch="false"/>
                <line number="431" hits="2" branch="false"/>
                <line number="432" hits="2" branch="false"/>
                <line number="433" hits="2" branch="false"/>
                <line number="434" hits="2" branch="false"/>
                <line number="437" hits="2" branch="false"/>
                <line number="440" hits="2" branch="false"/>
                <line number="441" hits="2" branch="false"/>
                <line number="442" hits="2" branch="false"/>
                <line number="443" hits="2" branch="false"/>
                <line number="444" hits="2" branch="false"/>
                <line number="445" hits="2" branch="false"/>
                <line number="446" hits="2" branch="false"/>
                <line number="447" hits="2" branch="false"/>
                <line number="448" hits="2" branch="false"/>
                <line number="449" hits="2" branch="false"/>
                <line number="450" hits="2" branch="false"/>
                <line number="451" hits="2" branch="false"/>
                <line number="452" hits="2" branch="false"/>
                <line number="453" hits="2" branch="false"/>
                <line number="454" hits="2" branch="false"/>
                <line number="455" hits="2" branch="false"/>
                <line number="456" hits="2" branch="false"/>
                <line number="457" hits="2" branch="false"/>
                <line number="460" hits="2" branch="false"/>
                <line number="462" hits="2" branch="false"/>
                <line number="464" hits="2" branch="false"/>
                <line number="465" hits="2" branch="false"/>
                <line number="466" hits="2" branch="false"/>
                <line number="467" hits="2" branch="false"/>
                <line number="468" hits="2" branch="false"/>
                <line number="469" hits="2" branch="false"/>
                <line number="470" hits="2" branch="false"/>
                <line number="471" hits="2" branch="false"/>
                <line number="472" hits="2" branch="false"/>
                <line number="474" hits="2" branch="false"/>
                <line number="475" hits="2" branch="false"/>
                <line number="477" hits="2" branch="false"/>
                <line number="478" hits="2" branch="false"/>
                <line number="480" hits="0" branch="false"/>
                <line number="481" hits="0" branch="false"/>
                <line number="482" hits="0" branch="false"/>
                <line number="483" hits="0" branch="false"/>
                <line number="486" hits="2" branch="false"/>
                <line number="491" hits="1" branch="false"/>
                <line number="492" hits="1" branch="false"/>
                <line number="493" hits="1" branch="false"/>
                <line number="494" hits="1" branch="false"/>
                <line number="495" hits="1" branch="false"/>
                <line number="496" hits="1" branch="false"/>
                <line number="497" hits="1" branch="false"/>
                <line number="498" hits="1" branch="false"/>
                <line number="499" hits="1" branch="false"/>
                <line number="500" hits="1" branch="false"/>
                <line number="501" hits="1" branch="false"/>
                <line number="506" hits="1" branch="false"/>
                <line number="508" hits="1" branch="false"/>
                <line number="510" hits="1" branch="false"/>
                <line number="511" hits="1" branch="false"/>
                <line number="512" hits="1" branch="false"/>
                <line number="513" hits="1" branch="false"/>
                <line number="514" hits="1" branch="false"/>
                <line number="515" hits="1" branch="false"/>
                <line number="516" hits="1" branch="false"/>
                <line number="517" hits="1" branch="false"/>
                <line number="518" hits="1" branch="false"/>
                <line number="519" hits="1" branch="false"/>
                <line number="520" hits="1" branch="false"/>
                <line number="521" hits="1" branch="false"/>
                <line number="523" hits="1" branch="false"/>
                <line number="524" hits="1" branch="false"/>
                <line number="525" hits="1" branch="false"/>
                <line number="526" hits="1" branch="false"/>
                <line number="527" hits="1" branch="false"/>
                <line number="528" hits="1" branch="false"/>
                <line number="532" hits="1" branch="false"/>
                <line number="533" hits="1" branch="false"/>
                <line number="534" hits="1" branch="false"/>
                <line number="535" hits="1" branch="false"/>
                <line number="536" hits="1" branch="false"/>
                <line number="537" hits="1" branch="false"/>
                <line number="538" hits="1" branch="false"/>
                <line number="540" hits="1" branch="false"/>
                <line number="541" hits="1" branch="false"/>
                <line number="542" hits="1" branch="false"/>
                <line number="543" hits="1" branch="false"/>
                <line number="544" hits="1" branch="false"/>
                <line number="547" hits="1" branch="false"/>
                <line number="548" hits="1" branch="false"/>
                <line number="549" hits="1" branch="false"/>
                <line number="550" hits="1" branch="false"/>
                <line number="551" hits="1" branch="false"/>
                <line number="552" hits="1" branch="false"/>
                <line number="553" hits="1" branch="false"/>
                <line number="555" hits="1" branch="false"/>
                <line number="556" hits="1" branch="false"/>
                <line number="557" hits="1" branch="false"/>
                <line number="558" hits="1" branch="false"/>
                <line number="559" hits="1" branch="false"/>
                <line number="561" hits="1" branch="false"/>
                <line number="562" hits="1" branch="false"/>
                <line number="563" hits="1" branch="false"/>
                <line number="564" hits="1" branch="false"/>
                <line number="565" hits="1" branch="false"/>
                <line number="568" hits="1" branch="false"/>
                <line number="569" hits="1" branch="false"/>
                <line number="570" hits="1" branch="false"/>
                <line number="571" hits="1" branch="false"/>
                <line number="572" hits="1" branch="false"/>
                <line number="573" hits="1" branch="false"/>
                <line number="576" hits="1" branch="false"/>
                <line number="578" hits="1" branch="false"/>
                <line number="579" hits="1" branch="false"/>
              </lines>
            </method>
            <method name="download_pop_rasters" signature="" line-rate="0.784615384615385" branch-rate="0" complexity="0">
              <lines>
                <line number="616" hits="1" branch="false"/>
                <line number="617" hits="0" branch="false"/>
                <line number="621" hits="1" branch="false"/>
                <line number="622" hits="1" branch="false"/>
                <line number="623" hits="1" branch="false"/>
                <line number="624" hits="1" branch="false"/>
                <line number="627" hits="1" branch="false"/>
                <line number="628" hits="0" branch="false"/>
                <line number="632" hits="1" branch="false"/>
                <line number="633" hits="1" branch="false"/>
                <line number="634" hits="1" branch="false"/>
                <line number="635" hits="1" branch="false"/>
                <line number="636" hits="1" branch="false"/>
                <line number="637" hits="1" branch="false"/>
                <line number="638" hits="1" branch="false"/>
                <line number="639" hits="1" branch="false"/>
                <line number="642" hits="1" branch="false"/>
                <line number="643" hits="1" branch="false"/>
                <line number="644" hits="1" branch="false"/>
                <line number="645" hits="1" branch="false"/>
                <line number="646" hits="1" branch="false"/>
                <line number="647" hits="1" branch="false"/>
                <line number="648" hits="1" branch="false"/>
                <line number="649" hits="1" branch="false"/>
                <line number="652" hits="1" branch="false"/>
                <line number="653" hits="1" branch="false"/>
                <line number="654" hits="0" branch="false"/>
                <line number="655" hits="0" branch="false"/>
                <line number="656" hits="0" branch="false"/>
                <line number="657" hits="1" branch="false"/>
                <line number="658" hits="0" branch="false"/>
                <line number="659" hits="1" branch="false"/>
                <line number="661" hits="1" branch="false"/>
                <line number="662" hits="1" branch="false"/>
                <line number="664" hits="1" branch="false"/>
                <line number="665" hits="1" branch="false"/>
                <line number="666" hits="1" branch="false"/>
                <line number="667" hits="1" branch="false"/>
                <line number="670" hits="1" branch="false"/>
                <line number="671" hits="0" branch="false"/>
                <line number="672" hits="1" branch="false"/>
                <line number="673" hits="1" branch="false"/>
                <line number="674" hits="1" branch="false"/>
                <line number="675" hits="1" branch="false"/>
                <line number="676" hits="1" branch="false"/>
                <line number="678" hits="1" branch="false"/>
                <line number="679" hits="1" branch="false"/>
                <line number="680" hits="1" branch="false"/>
                <line number="681" hits="1" branch="false"/>
                <line number="682" hits="1" branch="false"/>
                <line number="683" hits="1" branch="false"/>
                <line number="684" hits="1" branch="false"/>
                <line number="685" hits="0" branch="false"/>
                <line number="686" hits="0" branch="false"/>
                <line number="687" hits="0" branch="false"/>
                <line number="688" hits="0" branch="false"/>
                <line number="689" hits="0" branch="false"/>
                <line number="690" hits="0" branch="false"/>
                <line number="691" hits="0" branch="false"/>
                <line number="692" hits="1" branch="false"/>
                <line number="693" hits="1" branch="false"/>
                <line number="694" hits="1" branch="false"/>
                <line number="695" hits="1" branch="false"/>
                <line number="697" hits="1" branch="false"/>
                <line number="698" hits="1" branch="false"/>
              </lines>
            </method>
            <method name="extract_afurextent" signature="" line-rate="0.551724137931034" branch-rate="0" complexity="0">
              <lines>
                <line number="728" hits="1" branch="false"/>
                <line number="729" hits="0" branch="false"/>
                <line number="730" hits="0" branch="false"/>
                <line number="731" hits="0" branch="false"/>
                <line number="735" hits="1" branch="false"/>
                <line number="736" hits="1" branch="false"/>
                <line number="737" hits="1" branch="false"/>
                <line number="738" hits="0" branch="false"/>
                <line number="739" hits="0" branch="false"/>
                <line number="740" hits="0" branch="false"/>
                <line number="744" hits="1" branch="false"/>
                <line number="747" hits="1" branch="false"/>
                <line number="748" hits="0" branch="false"/>
                <line number="749" hits="0" branch="false"/>
                <line number="750" hits="0" branch="false"/>
                <line number="751" hits="0" branch="false"/>
                <line number="755" hits="1" branch="false"/>
                <line number="756" hits="1" branch="false"/>
                <line number="759" hits="1" branch="false"/>
                <line number="760" hits="0" branch="false"/>
                <line number="761" hits="0" branch="false"/>
                <line number="762" hits="0" branch="false"/>
                <line number="767" hits="1" branch="false"/>
                <line number="768" hits="1" branch="false"/>
                <line number="769" hits="1" branch="false"/>
                <line number="770" hits="1" branch="false"/>
                <line number="773" hits="1" branch="false"/>
                <line number="774" hits="1" branch="false"/>
                <line number="775" hits="1" branch="false"/>
              </lines>
            </method>
            <method name="download_shapefile" signature="" line-rate="0.757575757575758" branch-rate="0" complexity="0">
              <lines>
                <line number="810" hits="1" branch="false"/>
                <line number="811" hits="0" branch="false"/>
                <line number="812" hits="0" branch="false"/>
                <line number="814" hits="1" branch="false"/>
                <line number="818" hits="1" branch="false"/>
                <line number="821" hits="1" branch="false"/>
                <line number="823" hits="1" branch="false"/>
                <line number="824" hits="0" branch="false"/>
                <line number="825" hits="0" branch="false"/>
                <line number="826" hits="0" branch="false"/>
                <line number="827" hits="0" branch="false"/>
                <line number="828" hits="0" branch="false"/>
                <line number="829" hits="0" branch="false"/>
                <line number="833" hits="1" branch="false"/>
                <line number="834" hits="1" branch="false"/>
                <line number="835" hits="1" branch="false"/>
                <line number="836" hits="1" branch="false"/>
                <line number="837" hits="1" branch="false"/>
                <line number="838" hits="1" branch="false"/>
                <line number="839" hits="1" branch="false"/>
                <line number="840" hits="1" branch="false"/>
                <line number="841" hits="1" branch="false"/>
                <line number="842" hits="1" branch="false"/>
                <line number="843" hits="1" branch="false"/>
                <line number="844" hits="1" branch="false"/>
                <line number="845" hits="1" branch="false"/>
                <line number="848" hits="1" branch="false"/>
                <line number="849" hits="1" branch="false"/>
                <line number="850" hits="1" branch="false"/>
                <line number="851" hits="1" branch="false"/>
                <line number="852" hits="1" branch="false"/>
                <line number="855" hits="1" branch="false"/>
                <line number="856" hits="1" branch="false"/>
                <line number="857" hits="1" branch="false"/>
                <line number="858" hits="1" branch="false"/>
                <line number="859" hits="1" branch="false"/>
                <line number="860" hits="1" branch="false"/>
                <line number="861" hits="1" branch="false"/>
                <line number="862" hits="1" branch="false"/>
                <line number="863" hits="1" branch="false"/>
                <line number="864" hits="1" branch="false"/>
                <line number="865" hits="1" branch="false"/>
                <line number="866" hits="1" branch="false"/>
                <line number="867" hits="1" branch="false"/>
                <line number="868" hits="1" branch="false"/>
                <line number="869" hits="1" branch="false"/>
                <line number="870" hits="1" branch="false"/>
                <line number="871" hits="1" branch="false"/>
                <line number="872" hits="1" branch="false"/>
                <line number="875" hits="1" branch="false"/>
                <line number="877" hits="0" branch="false"/>
                <line number="878" hits="0" branch="false"/>
                <line number="879" hits="0" branch="false"/>
                <line number="880" hits="0" branch="false"/>
                <line number="881" hits="0" branch="false"/>
                <line number="882" hits="0" branch="false"/>
                <line number="883" hits="0" branch="false"/>
                <line number="884" hits="0" branch="false"/>
                <line number="886" hits="1" branch="false"/>
                <line number="887" hits="1" branch="false"/>
                <line number="888" hits="1" branch="false"/>
                <line number="889" hits="1" branch="false"/>
                <line number="890" hits="1" branch="false"/>
                <line number="891" hits="1" branch="false"/>
                <line number="892" hits="1" branch="false"/>
                <line number="893" hits="1" branch="false"/>
              </lines>
            </method>
          </methods>
          <lines>
            <line number="30" hits="0" branch="false"/>
            <line number="31" hits="0" branch="false"/>
            <line number="32" hits="0" branch="false"/>
            <line number="34" hits="0" branch="false"/>
            <line number="37" hits="0" branch="false"/>
            <line number="38" hits="0" branch="false"/>
            <line number="39" hits="0" branch="false"/>
            <line number="40" hits="0" branch="false"/>
            <line number="41" hits="0" branch="false"/>
            <line number="42" hits="0" branch="false"/>
            <line number="43" hits="0" branch="false"/>
            <line number="44" hits="0" branch="false"/>
            <line number="45" hits="0" branch="false"/>
            <line number="46" hits="0" branch="false"/>
            <line number="47" hits="0" branch="false"/>
            <line number="49" hits="0" branch="false"/>
            <line number="52" hits="0" branch="false"/>
            <line number="53" hits="0" branch="false"/>
            <line number="54" hits="0" branch="false"/>
            <line number="55" hits="0" branch="false"/>
            <line number="56" hits="0" branch="false"/>
            <line number="57" hits="0" branch="false"/>
            <line number="60" hits="0" branch="false"/>
            <line number="61" hits="0" branch="false"/>
            <line number="62" hits="0" branch="false"/>
            <line number="63" hits="0" branch="false"/>
            <line number="64" hits="0" branch="false"/>
            <line number="65" hits="0" branch="false"/>
            <line number="66" hits="0" branch="false"/>
            <line number="67" hits="0" branch="false"/>
            <line number="72" hits="0" branch="false"/>
            <line number="73" hits="0" branch="false"/>
            <line number="74" hits="0" branch="false"/>
            <line number="75" hits="0" branch="false"/>
            <line number="76" hits="0" branch="false"/>
            <line number="77" hits="0" branch="false"/>
            <line number="78" hits="0" branch="false"/>
            <line number="79" hits="0" branch="false"/>
            <line number="80" hits="0" branch="false"/>
            <line number="81" hits="0" branch="false"/>
            <line number="82" hits="0" branch="false"/>
            <line number="83" hits="0" branch="false"/>
            <line number="86" hits="0" branch="false"/>
            <line number="88" hits="0" branch="false"/>
            <line number="89" hits="0" branch="false"/>
            <line number="90" hits="0" branch="false"/>
            <line number="91" hits="0" branch="false"/>
            <line number="92" hits="0" branch="false"/>
            <line number="95" hits="0" branch="false"/>
            <line number="96" hits="0" branch="false"/>
            <line number="97" hits="0" branch="false"/>
            <line number="98" hits="0" branch="false"/>
            <line number="99" hits="0" branch="false"/>
            <line number="100" hits="0" branch="false"/>
            <line number="103" hits="0" branch="false"/>
            <line number="104" hits="0" branch="false"/>
            <line number="105" hits="0" branch="false"/>
            <line number="106" hits="0" branch="false"/>
            <line number="107" hits="0" branch="false"/>
            <line number="108" hits="0" branch="false"/>
            <line number="109" hits="0" branch="false"/>
            <line number="111" hits="0" branch="false"/>
            <line number="113" hits="0" branch="false"/>
            <line number="114" hits="0" branch="false"/>
            <line number="115" hits="0" branch="false"/>
            <line number="116" hits="0" branch="false"/>
            <line number="117" hits="0" branch="false"/>
            <line number="120" hits="0" branch="false"/>
            <line number="121" hits="0" branch="false"/>
            <line number="122" hits="0" branch="false"/>
            <line number="123" hits="0" branch="false"/>
            <line number="124" hits="0" branch="false"/>
            <line number="125" hits="0" branch="false"/>
            <line number="127" hits="0" branch="false"/>
            <line number="128" hits="0" branch="false"/>
            <line number="162" hits="2" branch="false"/>
            <line number="163" hits="2" branch="false"/>
            <line number="164" hits="2" branch="false"/>
            <line number="165" hits="0" branch="false"/>
            <line number="166" hits="0" branch="false"/>
            <line number="167" hits="0" branch="false"/>
            <line number="168" hits="0" branch="false"/>
            <line number="169" hits="0" branch="false"/>
            <line number="170" hits="0" branch="false"/>
            <line number="171" hits="0" branch="false"/>
            <line number="175" hits="2" branch="false"/>
            <line number="176" hits="2" branch="false"/>
            <line number="177" hits="2" branch="false"/>
            <line number="178" hits="2" branch="false"/>
            <line number="179" hits="2" branch="false"/>
            <line number="180" hits="2" branch="false"/>
            <line number="182" hits="2" branch="false"/>
            <line number="183" hits="2" branch="false"/>
            <line number="184" hits="2" branch="false"/>
            <line number="185" hits="2" branch="false"/>
            <line number="186" hits="2" branch="false"/>
            <line number="188" hits="2" branch="false"/>
            <line number="189" hits="2" branch="false"/>
            <line number="190" hits="2" branch="false"/>
            <line number="193" hits="2" branch="false"/>
            <line number="194" hits="2" branch="false"/>
            <line number="195" hits="2" branch="false"/>
            <line number="196" hits="2" branch="false"/>
            <line number="197" hits="2" branch="false"/>
            <line number="198" hits="2" branch="false"/>
            <line number="199" hits="2" branch="false"/>
            <line number="201" hits="2" branch="false"/>
            <line number="202" hits="2" branch="false"/>
            <line number="203" hits="2" branch="false"/>
            <line number="204" hits="2" branch="false"/>
            <line number="205" hits="2" branch="false"/>
            <line number="206" hits="2" branch="false"/>
            <line number="207" hits="2" branch="false"/>
            <line number="208" hits="2" branch="false"/>
            <line number="209" hits="2" branch="false"/>
            <line number="210" hits="2" branch="false"/>
            <line number="211" hits="2" branch="false"/>
            <line number="213" hits="2" branch="false"/>
            <line number="214" hits="2" branch="false"/>
            <line number="215" hits="2" branch="false"/>
            <line number="217" hits="2" branch="false"/>
            <line number="218" hits="2" branch="false"/>
            <line number="219" hits="2" branch="false"/>
            <line number="220" hits="2" branch="false"/>
            <line number="221" hits="2" branch="false"/>
            <line number="223" hits="2" branch="false"/>
            <line number="224" hits="2" branch="false"/>
            <line number="225" hits="2" branch="false"/>
            <line number="227" hits="2" branch="false"/>
            <line number="228" hits="2" branch="false"/>
            <line number="229" hits="2" branch="false"/>
            <line number="231" hits="2" branch="false"/>
            <line number="232" hits="2" branch="false"/>
            <line number="233" hits="2" branch="false"/>
            <line number="234" hits="2" branch="false"/>
            <line number="235" hits="2" branch="false"/>
            <line number="236" hits="2" branch="false"/>
            <line number="238" hits="2" branch="false"/>
            <line number="239" hits="2" branch="false"/>
            <line number="240" hits="2" branch="false"/>
            <line number="242" hits="2" branch="false"/>
            <line number="243" hits="2" branch="false"/>
            <line number="244" hits="2" branch="false"/>
            <line number="245" hits="2" branch="false"/>
            <line number="246" hits="2" branch="false"/>
            <line number="247" hits="2" branch="false"/>
            <line number="248" hits="2" branch="false"/>
            <line number="249" hits="2" branch="false"/>
            <line number="251" hits="2" branch="false"/>
            <line number="252" hits="2" branch="false"/>
            <line number="253" hits="2" branch="false"/>
            <line number="254" hits="2" branch="false"/>
            <line number="255" hits="2" branch="false"/>
            <line number="256" hits="2" branch="false"/>
            <line number="257" hits="2" branch="false"/>
            <line number="258" hits="2" branch="false"/>
            <line number="259" hits="2" branch="false"/>
            <line number="260" hits="2" branch="false"/>
            <line number="261" hits="2" branch="false"/>
            <line number="262" hits="2" branch="false"/>
            <line number="263" hits="2" branch="false"/>
            <line number="264" hits="2" branch="false"/>
            <line number="265" hits="2" branch="false"/>
            <line number="266" hits="2" branch="false"/>
            <line number="267" hits="2" branch="false"/>
            <line number="268" hits="2" branch="false"/>
            <line number="269" hits="2" branch="false"/>
            <line number="270" hits="2" branch="false"/>
            <line number="271" hits="2" branch="false"/>
            <line number="272" hits="2" branch="false"/>
            <line number="273" hits="2" branch="false"/>
            <line number="274" hits="2" branch="false"/>
            <line number="275" hits="2" branch="false"/>
            <line number="276" hits="2" branch="false"/>
            <line number="277" hits="2" branch="false"/>
            <line number="278" hits="2" branch="false"/>
            <line number="279" hits="2" branch="false"/>
            <line number="283" hits="2" branch="false"/>
            <line number="284" hits="2" branch="false"/>
            <line number="285" hits="2" branch="false"/>
            <line number="286" hits="2" branch="false"/>
            <line number="411" hits="1" branch="false"/>
            <line number="414" hits="1" branch="false"/>
            <line number="415" hits="1" branch="false"/>
            <line number="418" hits="1" branch="false"/>
            <line number="419" hits="1" branch="false"/>
            <line number="420" hits="1" branch="false"/>
            <line number="423" hits="1" branch="false"/>
            <line number="424" hits="2" branch="false"/>
            <line number="425" hits="2" branch="false"/>
            <line number="428" hits="2" branch="false"/>
            <line number="429" hits="2" branch="false"/>
            <line number="430" hits="2" branch="false"/>
            <line number="431" hits="2" branch="false"/>
            <line number="432" hits="2" branch="false"/>
            <line number="433" hits="2" branch="false"/>
            <line number="434" hits="2" branch="false"/>
            <line number="437" hits="2" branch="false"/>
            <line number="440" hits="2" branch="false"/>
            <line number="441" hits="2" branch="false"/>
            <line number="442" hits="2" branch="false"/>
            <line number="443" hits="2" branch="false"/>
            <line number="444" hits="2" branch="false"/>
            <line number="445" hits="2" branch="false"/>
            <line number="446" hits="2" branch="false"/>
            <line number="447" hits="2" branch="false"/>
            <line number="448" hits="2" branch="false"/>
            <line number="449" hits="2" branch="false"/>
            <line number="450" hits="2" branch="false"/>
            <line number="451" hits="2" branch="false"/>
            <line number="452" hits="2" branch="false"/>
            <line number="453" hits="2" branch="false"/>
            <line number="454" hits="2" branch="false"/>
            <line number="455" hits="2" branch="false"/>
            <line number="456" hits="2" branch="false"/>
            <line number="457" hits="2" branch="false"/>
            <line number="460" hits="2" branch="false"/>
            <line number="462" hits="2" branch="false"/>
            <line number="464" hits="2" branch="false"/>
            <line number="465" hits="2" branch="false"/>
            <line number="466" hits="2" branch="false"/>
            <line number="467" hits="2" branch="false"/>
            <line number="468" hits="2" branch="false"/>
            <line number="469" hits="2" branch="false"/>
            <line number="470" hits="2" branch="false"/>
            <line number="471" hits="2" branch="false"/>
            <line number="472" hits="2" branch="false"/>
            <line number="474" hits="2" branch="false"/>
            <line number="475" hits="2" branch="false"/>
            <line number="477" hits="2" branch="false"/>
            <line number="478" hits="2" branch="false"/>
            <line number="480" hits="0" branch="false"/>
            <line number="481" hits="0" branch="false"/>
            <line number="482" hits="0" branch="false"/>
            <line number="483" hits="0" branch="false"/>
            <line number="486" hits="2" branch="false"/>
            <line number="491" hits="1" branch="false"/>
            <line number="492" hits="1" branch="false"/>
            <line number="493" hits="1" branch="false"/>
            <line number="494" hits="1" branch="false"/>
            <line number="495" hits="1" branch="false"/>
            <line number="496" hits="1" branch="false"/>
            <line number="497" hits="1" branch="false"/>
            <line number="498" hits="1" branch="false"/>
            <line number="499" hits="1" branch="false"/>
            <line number="500" hits="1" branch="false"/>
            <line number="501" hits="1" branch="false"/>
            <line number="506" hits="1" branch="false"/>
            <line number="508" hits="1" branch="false"/>
            <line number="510" hits="1" branch="false"/>
            <line number="511" hits="1" branch="false"/>
            <line number="512" hits="1" branch="false"/>
            <line number="513" hits="1" branch="false"/>
            <line number="514" hits="1" branch="false"/>
            <line number="515" hits="1" branch="false"/>
            <line number="516" hits="1" branch="false"/>
            <line number="517" hits="1" branch="false"/>
            <line number="518" hits="1" branch="false"/>
            <line number="519" hits="1" branch="false"/>
            <line number="520" hits="1" branch="false"/>
            <line number="521" hits="1" branch="false"/>
            <line number="523" hits="1" branch="false"/>
            <line number="524" hits="1" branch="false"/>
            <line number="525" hits="1" branch="false"/>
            <line number="526" hits="1" branch="false"/>
            <line number="527" hits="1" branch="false"/>
            <line number="528" hits="1" branch="false"/>
            <line number="532" hits="1" branch="false"/>
            <line number="533" hits="1" branch="false"/>
            <line number="534" hits="1" branch="false"/>
            <line number="535" hits="1" branch="false"/>
            <line number="536" hits="1" branch="false"/>
            <line number="537" hits="1" branch="false"/>
            <line number="538" hits="1" branch="false"/>
            <line number="540" hits="1" branch="false"/>
            <line number="541" hits="1" branch="false"/>
            <line number="542" hits="1" branch="false"/>
            <line number="543" hits="1" branch="false"/>
            <line number="544" hits="1" branch="false"/>
            <line number="547" hits="1" branch="false"/>
            <line number="548" hits="1" branch="false"/>
            <line number="549" hits="1" branch="false"/>
            <line number="550" hits="1" branch="false"/>
            <line number="551" hits="1" branch="false"/>
            <line number="552" hits="1" branch="false"/>
            <line number="553" hits="1" branch="false"/>
            <line number="555" hits="1" branch="false"/>
            <line number="556" hits="1" branch="false"/>
            <line number="557" hits="1" branch="false"/>
            <line number="558" hits="1" branch="false"/>
            <line number="559" hits="1" branch="false"/>
            <line number="561" hits="1" branch="false"/>
            <line number="562" hits="1" branch="false"/>
            <line number="563" hits="1" branch="false"/>
            <line number="564" hits="1" branch="false"/>
            <line number="565" hits="1" branch="false"/>
            <line number="568" hits="1" branch="false"/>
            <line number="569" hits="1" branch="false"/>
            <line number="570" hits="1" branch="false"/>
            <line number="571" hits="1" branch="false"/>
            <line number="572" hits="1" branch="false"/>
            <line number="573" hits="1" branch="false"/>
            <line number="576" hits="1" branch="false"/>
            <line number="578" hits="1" branch="false"/>
            <line number="579" hits="1" branch="false"/>
            <line number="616" hits="1" branch="false"/>
            <line number="617" hits="0" branch="false"/>
            <line number="621" hits="1" branch="false"/>
            <line number="622" hits="1" branch="false"/>
            <line number="623" hits="1" branch="false"/>
            <line number="624" hits="1" branch="false"/>
            <line number="627" hits="1" branch="false"/>
            <line number="628" hits="0" branch="false"/>
            <line number="632" hits="1" branch="false"/>
            <line number="633" hits="1" branch="false"/>
            <line number="634" hits="1" branch="false"/>
            <line number="635" hits="1" branch="false"/>
            <line number="636" hits="1" branch="false"/>
            <line number="637" hits="1" branch="false"/>
            <line number="638" hits="1" branch="false"/>
            <line number="639" hits="1" branch="false"/>
            <line number="642" hits="1" branch="false"/>
            <line number="643" hits="1" branch="false"/>
            <line number="644" hits="1" branch="false"/>
            <line number="645" hits="1" branch="false"/>
            <line number="646" hits="1" branch="false"/>
            <line number="647" hits="1" branch="false"/>
            <line number="648" hits="1" branch="false"/>
            <line number="649" hits="1" branch="false"/>
            <line number="652" hits="1" branch="false"/>
            <line number="653" hits="1" branch="false"/>
            <line number="654" hits="0" branch="false"/>
            <line number="655" hits="0" branch="false"/>
            <line number="656" hits="0" branch="false"/>
            <line number="657" hits="1" branch="false"/>
            <line number="658" hits="0" branch="false"/>
            <line number="659" hits="1" branch="false"/>
            <line number="661" hits="1" branch="false"/>
            <line number="662" hits="1" branch="false"/>
            <line number="664" hits="1" branch="false"/>
            <line number="665" hits="1" branch="false"/>
            <line number="666" hits="1" branch="false"/>
            <line number="667" hits="1" branch="false"/>
            <line number="670" hits="1" branch="false"/>
            <line number="671" hits="0" branch="false"/>
            <line number="672" hits="1" branch="false"/>
            <line number="673" hits="1" branch="false"/>
            <line number="674" hits="1" branch="false"/>
            <line number="675" hits="1" branch="false"/>
            <line number="676" hits="1" branch="false"/>
            <line number="678" hits="1" branch="false"/>
            <line number="679" hits="1" branch="false"/>
            <line number="680" hits="1" branch="false"/>
            <line number="681" hits="1" branch="false"/>
            <line number="682" hits="1" branch="false"/>
            <line number="683" hits="1" branch="false"/>
            <line number="684" hits="1" branch="false"/>
            <line number="685" hits="0" branch="false"/>
            <line number="686" hits="0" branch="false"/>
            <line number="687" hits="0" branch="false"/>
            <line number="688" hits="0" branch="false"/>
            <line number="689" hits="0" branch="false"/>
            <line number="690" hits="0" branch="false"/>
            <line number="691" hits="0" branch="false"/>
            <line number="692" hits="1" branch="false"/>
            <line number="693" hits="1" branch="false"/>
            <line number="694" hits="1" branch="false"/>
            <line number="695" hits="1" branch="false"/>
            <line number="697" hits="1" branch="false"/>
            <line number="698" hits="1" branch="false"/>
            <line number="728" hits="1" branch="false"/>
            <line number="729" hits="0" branch="false"/>
            <line number="730" hits="0" branch="false"/>
            <line number="731" hits="0" branch="false"/>
            <line number="735" hits="1" branch="false"/>
            <line number="736" hits="1" branch="false"/>
            <line number="737" hits="1" branch="false"/>
            <line number="738" hits="0" branch="false"/>
            <line number="739" hits="0" branch="false"/>
            <line number="740" hits="0" branch="false"/>
            <line number="744" hits="1" branch="false"/>
            <line number="747" hits="1" branch="false"/>
            <line number="748" hits="0" branch="false"/>
            <line number="749" hits="0" branch="false"/>
            <line number="750" hits="0" branch="false"/>
            <line number="751" hits="0" branch="false"/>
            <line number="755" hits="1" branch="false"/>
            <line number="756" hits="1" branch="false"/>
            <line number="759" hits="1" branch="false"/>
            <line number="760" hits="0" branch="false"/>
            <line number="761" hits="0" branch="false"/>
            <line number="762" hits="0" branch="false"/>
            <line number="767" hits="1" branch="false"/>
            <line number="768" hits="1" branch="false"/>
            <line number="769" hits="1" branch="false"/>
            <line number="770" hits="1" branch="false"/>
            <line number="773" hits="1" branch="false"/>
            <line number="774" hits="1" branch="false"/>
            <line number="775" hits="1" branch="false"/>
            <line number="810" hits="1" branch="false"/>
            <line number="811" hits="0" branch="false"/>
            <line number="812" hits="0" branch="false"/>
            <line number="814" hits="1" branch="false"/>
            <line number="818" hits="1" branch="false"/>
            <line number="821" hits="1" branch="false"/>
            <line number="823" hits="1" branch="false"/>
            <line number="824" hits="0" branch="false"/>
            <line number="825" hits="0" branch="false"/>
            <line number="826" hits="0" branch="false"/>
            <line number="827" hits="0" branch="false"/>
            <line number="828" hits="0" branch="false"/>
            <line number="829" hits="0" branch="false"/>
            <line number="833" hits="1" branch="false"/>
            <line number="834" hits="1" branch="false"/>
            <line number="835" hits="1" branch="false"/>
            <line number="836" hits="1" branch="false"/>
            <line number="837" hits="1" branch="false"/>
            <line number="838" hits="1" branch="false"/>
            <line number="839" hits="1" branch="false"/>
            <line number="840" hits="1" branch="false"/>
            <line number="841" hits="1" branch="false"/>
            <line number="842" hits="1" branch="false"/>
            <line number="843" hits="1" branch="false"/>
            <line number="844" hits="1" branch="false"/>
            <line number="845" hits="1" branch="false"/>
            <line number="848" hits="1" branch="false"/>
            <line number="849" hits="1" branch="false"/>
            <line number="850" hits="1" branch="false"/>
            <line number="851" hits="1" branch="false"/>
            <line number="852" hits="1" branch="false"/>
            <line number="855" hits="1" branch="false"/>
            <line number="856" hits="1" branch="false"/>
            <line number="857" hits="1" branch="false"/>
            <line number="858" hits="1" branch="false"/>
            <line number="859" hits="1" branch="false"/>
            <line number="860" hits="1" branch="false"/>
            <line number="861" hits="1" branch="false"/>
            <line number="862" hits="1" branch="false"/>
            <line number="863" hits="1" branch="false"/>
            <line number="864" hits="1" branch="false"/>
            <line number="865" hits="1" branch="false"/>
            <line number="866" hits="1" branch="false"/>
            <line number="867" hits="1" branch="false"/>
            <line number="868" hits="1" branch="false"/>
            <line number="869" hits="1" branch="false"/>
            <line number="870" hits="1" branch="false"/>
            <line number="871" hits="1" branch="false"/>
            <line number="872" hits="1" branch="false"/>
            <line number="875" hits="1" branch="false"/>
            <line number="877" hits="0" branch="false"/>
            <line number="878" hits="0" branch="false"/>
            <line number="879" hits="0" branch="false"/>
            <line number="880" hits="0" branch="false"/>
            <line number="881" hits="0" branch="false"/>
            <line number="882" hits="0" branch="false"/>
            <line number="883" hits="0" branch="false"/>
            <line number="884" hits="0" branch="false"/>
            <line number="886" hits="1" branch="false"/>
            <line number="887" hits="1" branch="false"/>
            <line number="888" hits="1" branch="false"/>
            <line number="889" hits="1" branch="false"/>
            <line number="890" hits="1" branch="false"/>
            <line number="891" hits="1" branch="false"/>
            <line number="892" hits="1" branch="false"/>
            <line number="893" hits="1" branch="false"/>
          </lines>
        </class>
        <class name="modelling.R" filename="R/modelling.R" line-rate="0.858381502890173" branch-rate="0" complexity="0">
          <methods>
            <method name="fit_spatial_model" signature="" line-rate="0.768292682926829" branch-rate="0" complexity="0">
              <lines>
                <line number="156" hits="1" branch="false"/>
                <line number="157" hits="1" branch="false"/>
                <line number="158" hits="1" branch="false"/>
                <line number="159" hits="1" branch="false"/>
                <line number="160" hits="1" branch="false"/>
                <line number="161" hits="1" branch="false"/>
                <line number="163" hits="1" branch="false"/>
                <line number="164" hits="0" branch="false"/>
                <line number="165" hits="0" branch="false"/>
                <line number="166" hits="0" branch="false"/>
                <line number="167" hits="0" branch="false"/>
                <line number="168" hits="0" branch="false"/>
                <line number="169" hits="0" branch="false"/>
                <line number="170" hits="0" branch="false"/>
                <line number="176" hits="1" branch="false"/>
                <line number="177" hits="1" branch="false"/>
                <line number="178" hits="1" branch="false"/>
                <line number="179" hits="1" branch="false"/>
                <line number="182" hits="1" branch="false"/>
                <line number="183" hits="1" branch="false"/>
                <line number="184" hits="1" branch="false"/>
                <line number="185" hits="1" branch="false"/>
                <line number="187" hits="1" branch="false"/>
                <line number="188" hits="1" branch="false"/>
                <line number="189" hits="1" branch="false"/>
                <line number="190" hits="1" branch="false"/>
                <line number="193" hits="1" branch="false"/>
                <line number="194" hits="1" branch="false"/>
                <line number="195" hits="1" branch="false"/>
                <line number="196" hits="1" branch="false"/>
                <line number="197" hits="1" branch="false"/>
                <line number="198" hits="0" branch="false"/>
                <line number="199" hits="1" branch="false"/>
                <line number="200" hits="1" branch="false"/>
                <line number="202" hits="1" branch="false"/>
                <line number="203" hits="1" branch="false"/>
                <line number="204" hits="1" branch="false"/>
                <line number="205" hits="1" branch="false"/>
                <line number="206" hits="1" branch="false"/>
                <line number="207" hits="0" branch="false"/>
                <line number="208" hits="1" branch="false"/>
                <line number="209" hits="1" branch="false"/>
                <line number="212" hits="1" branch="false"/>
                <line number="213" hits="1" branch="false"/>
                <line number="215" hits="1" branch="false"/>
                <line number="220" hits="1" branch="false"/>
                <line number="221" hits="1" branch="false"/>
                <line number="222" hits="1" branch="false"/>
                <line number="223" hits="1" branch="false"/>
                <line number="224" hits="1" branch="false"/>
                <line number="225" hits="1" branch="false"/>
                <line number="227" hits="1" branch="false"/>
                <line number="228" hits="0" branch="false"/>
                <line number="232" hits="1" branch="false"/>
                <line number="233" hits="1" branch="false"/>
                <line number="234" hits="1" branch="false"/>
                <line number="237" hits="1" branch="false"/>
                <line number="238" hits="1" branch="false"/>
                <line number="239" hits="1" branch="false"/>
                <line number="242" hits="1" branch="false"/>
                <line number="243" hits="1" branch="false"/>
                <line number="246" hits="1" branch="false"/>
                <line number="247" hits="1" branch="false"/>
                <line number="248" hits="1" branch="false"/>
                <line number="249" hits="1" branch="false"/>
                <line number="250" hits="1" branch="false"/>
                <line number="253" hits="1" branch="false"/>
                <line number="256" hits="0" branch="false"/>
                <line number="258" hits="1" branch="false"/>
                <line number="261" hits="1" branch="false"/>
                <line number="265" hits="1" branch="false"/>
                <line number="266" hits="1" branch="false"/>
                <line number="267" hits="1" branch="false"/>
                <line number="268" hits="1" branch="false"/>
                <line number="272" hits="1" branch="false"/>
                <line number="274" hits="0" branch="false"/>
                <line number="275" hits="0" branch="false"/>
                <line number="276" hits="0" branch="false"/>
                <line number="277" hits="0" branch="false"/>
                <line number="278" hits="0" branch="false"/>
                <line number="279" hits="0" branch="false"/>
                <line number="280" hits="0" branch="false"/>
                <line number="281" hits="0" branch="false"/>
                <line number="282" hits="0" branch="false"/>
                <line number="283" hits="1" branch="false"/>
                <line number="284" hits="0" branch="false"/>
                <line number="285" hits="1" branch="false"/>
                <line number="286" hits="1" branch="false"/>
                <line number="287" hits="1" branch="false"/>
                <line number="288" hits="1" branch="false"/>
                <line number="289" hits="1" branch="false"/>
                <line number="290" hits="1" branch="false"/>
                <line number="291" hits="1" branch="false"/>
                <line number="292" hits="1" branch="false"/>
                <line number="293" hits="1" branch="false"/>
                <line number="294" hits="1" branch="false"/>
                <line number="296" hits="1" branch="false"/>
                <line number="297" hits="1" branch="false"/>
                <line number="298" hits="1" branch="false"/>
                <line number="299" hits="1" branch="false"/>
                <line number="300" hits="1" branch="false"/>
                <line number="301" hits="1" branch="false"/>
                <line number="302" hits="1" branch="false"/>
                <line number="303" hits="1" branch="false"/>
                <line number="304" hits="1" branch="false"/>
                <line number="306" hits="1" branch="false"/>
                <line number="310" hits="1" branch="false"/>
                <line number="311" hits="1" branch="false"/>
                <line number="312" hits="1" branch="false"/>
                <line number="313" hits="1" branch="false"/>
                <line number="315" hits="1" branch="false"/>
                <line number="316" hits="0" branch="false"/>
                <line number="317" hits="0" branch="false"/>
                <line number="318" hits="0" branch="false"/>
                <line number="319" hits="0" branch="false"/>
                <line number="320" hits="0" branch="false"/>
                <line number="321" hits="0" branch="false"/>
                <line number="322" hits="0" branch="false"/>
                <line number="323" hits="0" branch="false"/>
                <line number="324" hits="0" branch="false"/>
                <line number="325" hits="0" branch="false"/>
                <line number="326" hits="0" branch="false"/>
                <line number="327" hits="0" branch="false"/>
                <line number="328" hits="0" branch="false"/>
                <line number="329" hits="0" branch="false"/>
                <line number="330" hits="0" branch="false"/>
                <line number="331" hits="0" branch="false"/>
                <line number="333" hits="1" branch="false"/>
                <line number="334" hits="1" branch="false"/>
                <line number="335" hits="1" branch="false"/>
                <line number="336" hits="1" branch="false"/>
                <line number="337" hits="1" branch="false"/>
                <line number="338" hits="1" branch="false"/>
                <line number="341" hits="1" branch="false"/>
                <line number="345" hits="1" branch="false"/>
                <line number="346" hits="1" branch="false"/>
                <line number="347" hits="1" branch="false"/>
                <line number="348" hits="1" branch="false"/>
                <line number="350" hits="1" branch="false"/>
                <line number="351" hits="1" branch="false"/>
                <line number="352" hits="1" branch="false"/>
                <line number="353" hits="1" branch="false"/>
                <line number="354" hits="1" branch="false"/>
                <line number="355" hits="1" branch="false"/>
                <line number="356" hits="1" branch="false"/>
                <line number="357" hits="1" branch="false"/>
                <line number="359" hits="1" branch="false"/>
                <line number="360" hits="0" branch="false"/>
                <line number="363" hits="1" branch="false"/>
                <line number="364" hits="1" branch="false"/>
                <line number="365" hits="1" branch="false"/>
                <line number="367" hits="1" branch="false"/>
                <line number="368" hits="1" branch="false"/>
                <line number="369" hits="1" branch="false"/>
                <line number="370" hits="1" branch="false"/>
                <line number="371" hits="1" branch="false"/>
                <line number="373" hits="1" branch="false"/>
                <line number="377" hits="1" branch="false"/>
                <line number="378" hits="1" branch="false"/>
                <line number="379" hits="1" branch="false"/>
                <line number="382" hits="1" branch="false"/>
                <line number="383" hits="1" branch="false"/>
                <line number="384" hits="1" branch="false"/>
                <line number="387" hits="1" branch="false"/>
              </lines>
            </method>
            <method name="compute_cov" signature="" line-rate="1" branch-rate="0" complexity="0">
              <lines>
                <line number="415" hits="1" branch="false"/>
                <line number="416" hits="1" branch="false"/>
                <line number="418" hits="1" branch="false"/>
                <line number="420" hits="1" branch="false"/>
                <line number="421" hits="1" branch="false"/>
                <line number="422" hits="1" branch="false"/>
                <line number="424" hits="1" branch="false"/>
                <line number="425" hits="1" branch="false"/>
                <line number="427" hits="1" branch="false"/>
              </lines>
            </method>
            <method name="log_lik" signature="" line-rate="0" branch-rate="0" complexity="0">
              <lines>
                <line number="485" hits="0" branch="false"/>
                <line number="486" hits="0" branch="false"/>
                <line number="487" hits="0" branch="false"/>
                <line number="488" hits="0" branch="false"/>
                <line number="489" hits="0" branch="false"/>
                <line number="491" hits="0" branch="false"/>
                <line number="492" hits="0" branch="false"/>
                <line number="493" hits="0" branch="false"/>
                <line number="495" hits="0" branch="false"/>
                <line number="496" hits="0" branch="false"/>
                <line number="497" hits="0" branch="false"/>
                <line number="498" hits="0" branch="false"/>
                <line number="499" hits="0" branch="false"/>
                <line number="501" hits="0" branch="false"/>
                <line number="502" hits="0" branch="false"/>
              </lines>
            </method>
            <method name="extract_betas" signature="" line-rate="1" branch-rate="0" complexity="0">
              <lines>
                <line number="529" hits="2" branch="false"/>
                <line number="530" hits="2" branch="false"/>
                <line number="531" hits="2" branch="false"/>
                <line number="532" hits="2" branch="false"/>
                <line number="533" hits="2" branch="false"/>
                <line number="534" hits="2" branch="false"/>
                <line number="535" hits="2" branch="false"/>
                <line number="537" hits="2" branch="false"/>
                <line number="538" hits="2" branch="false"/>
                <line number="539" hits="2" branch="false"/>
                <line number="540" hits="2" branch="false"/>
              </lines>
            </method>
            <method name="create_prediction_data" signature="" line-rate="0.938053097345133" branch-rate="0" complexity="0">
              <lines>
                <line number="640" hits="1" branch="false"/>
                <line number="643" hits="1" branch="false"/>
                <line number="644" hits="1" branch="false"/>
                <line number="645" hits="1" branch="false"/>
                <line number="646" hits="1" branch="false"/>
                <line number="649" hits="1" branch="false"/>
                <line number="651" hits="0" branch="false"/>
                <line number="652" hits="0" branch="false"/>
                <line number="653" hits="0" branch="false"/>
                <line number="654" hits="0" branch="false"/>
                <line number="656" hits="0" branch="false"/>
                <line number="657" hits="0" branch="false"/>
                <line number="658" hits="0" branch="false"/>
                <line number="663" hits="1" branch="false"/>
                <line number="664" hits="1" branch="false"/>
                <line number="665" hits="1" branch="false"/>
                <line number="666" hits="1" branch="false"/>
                <line number="668" hits="1" branch="false"/>
                <line number="669" hits="1" branch="false"/>
                <line number="670" hits="1" branch="false"/>
                <line number="671" hits="1" branch="false"/>
                <line number="672" hits="1" branch="false"/>
                <line number="673" hits="1" branch="false"/>
                <line number="674" hits="1" branch="false"/>
                <line number="675" hits="1" branch="false"/>
                <line number="676" hits="1" branch="false"/>
                <line number="677" hits="1" branch="false"/>
                <line number="678" hits="1" branch="false"/>
                <line number="680" hits="1" branch="false"/>
                <line number="683" hits="1" branch="false"/>
                <line number="684" hits="1" branch="false"/>
                <line number="685" hits="1" branch="false"/>
                <line number="686" hits="1" branch="false"/>
                <line number="688" hits="1" branch="false"/>
                <line number="692" hits="1" branch="false"/>
                <line number="693" hits="1" branch="false"/>
                <line number="694" hits="1" branch="false"/>
                <line number="695" hits="1" branch="false"/>
                <line number="697" hits="1" branch="false"/>
                <line number="698" hits="1" branch="false"/>
                <line number="700" hits="1" branch="false"/>
                <line number="704" hits="1" branch="false"/>
                <line number="705" hits="1" branch="false"/>
                <line number="706" hits="1" branch="false"/>
                <line number="707" hits="1" branch="false"/>
                <line number="709" hits="1" branch="false"/>
                <line number="710" hits="1" branch="false"/>
                <line number="712" hits="1" branch="false"/>
                <line number="716" hits="1" branch="false"/>
                <line number="717" hits="1" branch="false"/>
                <line number="718" hits="1" branch="false"/>
                <line number="719" hits="1" branch="false"/>
                <line number="722" hits="1" branch="false"/>
                <line number="723" hits="1" branch="false"/>
                <line number="724" hits="1" branch="false"/>
                <line number="725" hits="1" branch="false"/>
                <line number="726" hits="1" branch="false"/>
                <line number="728" hits="1" branch="false"/>
                <line number="729" hits="1" branch="false"/>
                <line number="730" hits="1" branch="false"/>
                <line number="731" hits="1" branch="false"/>
                <line number="732" hits="1" branch="false"/>
                <line number="733" hits="1" branch="false"/>
                <line number="734" hits="1" branch="false"/>
                <line number="735" hits="1" branch="false"/>
                <line number="737" hits="1" branch="false"/>
                <line number="741" hits="1" branch="false"/>
                <line number="742" hits="1" branch="false"/>
                <line number="743" hits="1" branch="false"/>
                <line number="744" hits="1" branch="false"/>
                <line number="746" hits="1" branch="false"/>
                <line number="747" hits="1" branch="false"/>
                <line number="748" hits="1" branch="false"/>
                <line number="749" hits="1" branch="false"/>
                <line number="750" hits="1" branch="false"/>
                <line number="751" hits="1" branch="false"/>
                <line number="752" hits="1" branch="false"/>
                <line number="753" hits="1" branch="false"/>
                <line number="754" hits="1" branch="false"/>
                <line number="755" hits="1" branch="false"/>
                <line number="756" hits="1" branch="false"/>
                <line number="757" hits="1" branch="false"/>
                <line number="758" hits="1" branch="false"/>
                <line number="759" hits="1" branch="false"/>
                <line number="760" hits="1" branch="false"/>
                <line number="761" hits="1" branch="false"/>
                <line number="762" hits="1" branch="false"/>
                <line number="763" hits="1" branch="false"/>
                <line number="764" hits="1" branch="false"/>
                <line number="765" hits="1" branch="false"/>
                <line number="768" hits="1" branch="false"/>
                <line number="769" hits="1" branch="false"/>
                <line number="770" hits="1" branch="false"/>
                <line number="771" hits="1" branch="false"/>
                <line number="772" hits="1" branch="false"/>
                <line number="773" hits="1" branch="false"/>
                <line number="774" hits="1" branch="false"/>
                <line number="775" hits="1" branch="false"/>
                <line number="776" hits="1" branch="false"/>
                <line number="777" hits="1" branch="false"/>
                <line number="778" hits="1" branch="false"/>
                <line number="779" hits="1" branch="false"/>
                <line number="780" hits="1" branch="false"/>
                <line number="781" hits="1" branch="false"/>
                <line number="782" hits="1" branch="false"/>
                <line number="783" hits="1" branch="false"/>
                <line number="784" hits="1" branch="false"/>
                <line number="786" hits="1" branch="false"/>
                <line number="789" hits="1" branch="false"/>
                <line number="791" hits="1" branch="false"/>
                <line number="792" hits="1" branch="false"/>
                <line number="793" hits="1" branch="false"/>
                <line number="795" hits="1" branch="false"/>
              </lines>
            </method>
            <method name="generate_gamma_predictions" signature="" line-rate="0.921739130434783" branch-rate="0" complexity="0">
              <lines>
                <line number="847" hits="1" branch="false"/>
                <line number="848" hits="1" branch="false"/>
                <line number="849" hits="1" branch="false"/>
                <line number="850" hits="1" branch="false"/>
                <line number="851" hits="1" branch="false"/>
                <line number="854" hits="1" branch="false"/>
                <line number="855" hits="0" branch="false"/>
                <line number="856" hits="0" branch="false"/>
                <line number="857" hits="0" branch="false"/>
                <line number="858" hits="0" branch="false"/>
                <line number="859" hits="0" branch="false"/>
                <line number="863" hits="1" branch="false"/>
                <line number="864" hits="1" branch="false"/>
                <line number="865" hits="1" branch="false"/>
                <line number="866" hits="1" branch="false"/>
                <line number="868" hits="1" branch="false"/>
                <line number="869" hits="1" branch="false"/>
                <line number="872" hits="1" branch="false"/>
                <line number="873" hits="1" branch="false"/>
                <line number="875" hits="1" branch="false"/>
                <line number="876" hits="1" branch="false"/>
                <line number="877" hits="1" branch="false"/>
                <line number="878" hits="1" branch="false"/>
                <line number="880" hits="1" branch="false"/>
                <line number="881" hits="1" branch="false"/>
                <line number="882" hits="1" branch="false"/>
                <line number="883" hits="1" branch="false"/>
                <line number="884" hits="1" branch="false"/>
                <line number="885" hits="1" branch="false"/>
                <line number="886" hits="1" branch="false"/>
                <line number="887" hits="1" branch="false"/>
                <line number="888" hits="1" branch="false"/>
                <line number="889" hits="1" branch="false"/>
                <line number="890" hits="1" branch="false"/>
                <line number="891" hits="1" branch="false"/>
                <line number="892" hits="1" branch="false"/>
                <line number="895" hits="1" branch="false"/>
                <line number="896" hits="1" branch="false"/>
                <line number="897" hits="1" branch="false"/>
                <line number="899" hits="1" branch="false"/>
                <line number="900" hits="1" branch="false"/>
                <line number="902" hits="1" branch="false"/>
                <line number="903" hits="1" branch="false"/>
                <line number="905" hits="1" branch="false"/>
                <line number="908" hits="1" branch="false"/>
                <line number="909" hits="1" branch="false"/>
                <line number="910" hits="1" branch="false"/>
                <line number="911" hits="1" branch="false"/>
                <line number="913" hits="1" branch="false"/>
                <line number="914" hits="1" branch="false"/>
[...]
                <line number="408" hits="1" branch="false"/>
                <line number="409" hits="1" branch="false"/>
                <line number="410" hits="1" branch="false"/>
                <line number="411" hits="1" branch="false"/>
                <line number="413" hits="1" branch="false"/>
                <line number="414" hits="1" branch="false"/>
                <line number="415" hits="1" branch="false"/>
                <line number="416" hits="1" branch="false"/>
                <line number="417" hits="1" branch="false"/>
                <line number="418" hits="1" branch="false"/>
                <line number="421" hits="1" branch="false"/>
                <line number="422" hits="1" branch="false"/>
                <line number="423" hits="1" branch="false"/>
                <line number="424" hits="1" branch="false"/>
                <line number="425" hits="1" branch="false"/>
                <line number="426" hits="1" branch="false"/>
                <line number="427" hits="1" branch="false"/>
                <line number="428" hits="1" branch="false"/>
                <line number="430" hits="1" branch="false"/>
                <line number="431" hits="1" branch="false"/>
                <line number="432" hits="1" branch="false"/>
                <line number="433" hits="1" branch="false"/>
                <line number="435" hits="1" branch="false"/>
                <line number="436" hits="1" branch="false"/>
                <line number="437" hits="1" branch="false"/>
                <line number="438" hits="1" branch="false"/>
                <line number="439" hits="1" branch="false"/>
                <line number="440" hits="1" branch="false"/>
              </lines>
            </method>
            <method name="extract_age_param" signature="" line-rate="1" branch-rate="0" complexity="0">
              <lines>
                <line number="485" hits="1" branch="false"/>
                <line number="488" hits="1" branch="false"/>
                <line number="491" hits="1" branch="false"/>
                <line number="492" hits="1" branch="false"/>
                <line number="495" hits="1" branch="false"/>
                <line number="496" hits="1" branch="false"/>
                <line number="497" hits="1" branch="false"/>
                <line number="498" hits="1" branch="false"/>
                <line number="499" hits="1" branch="false"/>
                <line number="500" hits="1" branch="false"/>
                <line number="501" hits="1" branch="false"/>
                <line number="502" hits="1" branch="false"/>
                <line number="503" hits="1" branch="false"/>
                <line number="504" hits="1" branch="false"/>
                <line number="505" hits="1" branch="false"/>
                <line number="506" hits="1" branch="false"/>
                <line number="507" hits="1" branch="false"/>
                <line number="508" hits="1" branch="false"/>
                <line number="509" hits="1" branch="false"/>
                <line number="510" hits="1" branch="false"/>
                <line number="513" hits="1" branch="false"/>
                <line number="516" hits="1" branch="false"/>
                <line number="519" hits="1" branch="false"/>
                <line number="520" hits="1" branch="false"/>
                <line number="521" hits="1" branch="false"/>
                <line number="524" hits="1" branch="false"/>
                <line number="525" hits="1" branch="false"/>
                <line number="527" hits="1" branch="false"/>
              </lines>
            </method>
          </methods>
          <lines>
            <line number="19" hits="1300" branch="false"/>
            <line number="21" hits="200" branch="false"/>
            <line number="22" hits="200" branch="false"/>
            <line number="23" hits="200" branch="false"/>
            <line number="26" hits="1100" branch="false"/>
            <line number="27" hits="1100" branch="false"/>
            <line number="28" hits="1100" branch="false"/>
            <line number="29" hits="1100" branch="false"/>
            <line number="30" hits="1100" branch="false"/>
            <line number="31" hits="1100" branch="false"/>
            <line number="38" hits="0" branch="false"/>
            <line number="39" hits="0" branch="false"/>
            <line number="40" hits="0" branch="false"/>
            <line number="41" hits="0" branch="false"/>
            <line number="42" hits="0" branch="false"/>
            <line number="43" hits="0" branch="false"/>
            <line number="44" hits="0" branch="false"/>
            <line number="45" hits="0" branch="false"/>
            <line number="46" hits="0" branch="false"/>
            <line number="52" hits="0" branch="false"/>
            <line number="53" hits="0" branch="false"/>
            <line number="54" hits="0" branch="false"/>
            <line number="55" hits="0" branch="false"/>
            <line number="56" hits="0" branch="false"/>
            <line number="57" hits="0" branch="false"/>
            <line number="58" hits="0" branch="false"/>
            <line number="116" hits="1" branch="false"/>
            <line number="117" hits="1" branch="false"/>
            <line number="118" hits="1" branch="false"/>
            <line number="119" hits="1" branch="false"/>
            <line number="120" hits="1" branch="false"/>
            <line number="121" hits="1" branch="false"/>
            <line number="122" hits="1" branch="false"/>
            <line number="125" hits="1" branch="false"/>
            <line number="126" hits="0" branch="false"/>
            <line number="127" hits="0" branch="false"/>
            <line number="128" hits="0" branch="false"/>
            <line number="129" hits="0" branch="false"/>
            <line number="130" hits="0" branch="false"/>
            <line number="131" hits="0" branch="false"/>
            <line number="132" hits="0" branch="false"/>
            <line number="136" hits="1" branch="false"/>
            <line number="139" hits="1" branch="false"/>
            <line number="140" hits="1" branch="false"/>
            <line number="141" hits="1" branch="false"/>
            <line number="142" hits="1" branch="false"/>
            <line number="144" hits="1" branch="false"/>
            <line number="145" hits="1" branch="false"/>
            <line number="148" hits="1" branch="false"/>
            <line number="149" hits="1" branch="false"/>
            <line number="150" hits="1" branch="false"/>
            <line number="152" hits="1" branch="false"/>
            <line number="155" hits="1" branch="false"/>
            <line number="156" hits="0" branch="false"/>
            <line number="159" hits="1" branch="false"/>
            <line number="160" hits="0" branch="false"/>
            <line number="164" hits="1" branch="false"/>
            <line number="165" hits="2" branch="false"/>
            <line number="166" hits="2" branch="false"/>
            <line number="167" hits="2" branch="false"/>
            <line number="168" hits="2" branch="false"/>
            <line number="171" hits="2" branch="false"/>
            <line number="173" hits="2" branch="false"/>
            <line number="174" hits="2" branch="false"/>
            <line number="175" hits="2" branch="false"/>
            <line number="176" hits="2" branch="false"/>
            <line number="177" hits="2" branch="false"/>
            <line number="178" hits="2" branch="false"/>
            <line number="179" hits="2" branch="false"/>
            <line number="180" hits="2" branch="false"/>
            <line number="181" hits="2" branch="false"/>
            <line number="182" hits="2" branch="false"/>
            <line number="185" hits="0" branch="false"/>
            <line number="186" hits="0" branch="false"/>
            <line number="187" hits="0" branch="false"/>
            <line number="188" hits="0" branch="false"/>
            <line number="189" hits="0" branch="false"/>
            <line number="190" hits="0" branch="false"/>
            <line number="191" hits="0" branch="false"/>
            <line number="192" hits="0" branch="false"/>
            <line number="193" hits="0" branch="false"/>
            <line number="194" hits="0" branch="false"/>
            <line number="198" hits="2" branch="false"/>
            <line number="199" hits="2" branch="false"/>
            <line number="200" hits="2" branch="false"/>
            <line number="201" hits="2" branch="false"/>
            <line number="202" hits="2" branch="false"/>
            <line number="203" hits="2" branch="false"/>
            <line number="206" hits="2" branch="false"/>
            <line number="207" hits="2" branch="false"/>
            <line number="208" hits="2" branch="false"/>
            <line number="209" hits="2" branch="false"/>
            <line number="210" hits="2" branch="false"/>
            <line number="211" hits="2" branch="false"/>
            <line number="212" hits="2" branch="false"/>
            <line number="213" hits="2" branch="false"/>
            <line number="214" hits="2" branch="false"/>
            <line number="215" hits="2" branch="false"/>
            <line number="216" hits="2" branch="false"/>
            <line number="217" hits="2" branch="false"/>
            <line number="218" hits="2" branch="false"/>
            <line number="219" hits="2" branch="false"/>
            <line number="220" hits="2" branch="false"/>
            <line number="222" hits="2" branch="false"/>
            <line number="223" hits="2" branch="false"/>
            <line number="224" hits="2" branch="false"/>
            <line number="225" hits="2" branch="false"/>
            <line number="226" hits="2" branch="false"/>
            <line number="227" hits="2" branch="false"/>
            <line number="228" hits="2" branch="false"/>
            <line number="229" hits="2" branch="false"/>
            <line number="230" hits="2" branch="false"/>
            <line number="231" hits="2" branch="false"/>
            <line number="232" hits="2" branch="false"/>
            <line number="233" hits="2" branch="false"/>
            <line number="234" hits="2" branch="false"/>
            <line number="235" hits="2" branch="false"/>
            <line number="236" hits="2" branch="false"/>
            <line number="239" hits="2" branch="false"/>
            <line number="240" hits="1" branch="false"/>
            <line number="241" hits="2" branch="false"/>
            <line number="242" hits="1" branch="false"/>
            <line number="243" hits="2" branch="false"/>
            <line number="246" hits="2" branch="false"/>
            <line number="247" hits="2" branch="false"/>
            <line number="248" hits="2" branch="false"/>
            <line number="249" hits="2" branch="false"/>
            <line number="250" hits="2" branch="false"/>
            <line number="251" hits="2" branch="false"/>
            <line number="253" hits="2" branch="false"/>
            <line number="254" hits="2" branch="false"/>
            <line number="255" hits="2" branch="false"/>
            <line number="256" hits="2" branch="false"/>
            <line number="257" hits="2" branch="false"/>
            <line number="258" hits="2" branch="false"/>
            <line number="261" hits="2" branch="false"/>
            <line number="262" hits="2" branch="false"/>
            <line number="263" hits="2" branch="false"/>
            <line number="265" hits="2" branch="false"/>
            <line number="266" hits="2" branch="false"/>
            <line number="267" hits="2" branch="false"/>
            <line number="270" hits="2" branch="false"/>
            <line number="271" hits="2" branch="false"/>
            <line number="272" hits="2" branch="false"/>
            <line number="273" hits="2" branch="false"/>
            <line number="274" hits="2" branch="false"/>
            <line number="275" hits="2" branch="false"/>
            <line number="276" hits="2" branch="false"/>
            <line number="277" hits="2" branch="false"/>
            <line number="278" hits="2" branch="false"/>
            <line number="279" hits="2" branch="false"/>
            <line number="280" hits="2" branch="false"/>
            <line number="281" hits="2" branch="false"/>
            <line number="284" hits="2" branch="false"/>
            <line number="285" hits="2" branch="false"/>
            <line number="287" hits="2" branch="false"/>
            <line number="288" hits="2" branch="false"/>
            <line number="290" hits="2" branch="false"/>
            <line number="294" hits="1" branch="false"/>
            <line number="295" hits="1" branch="false"/>
            <line number="296" hits="1" branch="false"/>
            <line number="297" hits="1" branch="false"/>
            <line number="300" hits="1" branch="false"/>
            <line number="301" hits="1" branch="false"/>
            <line number="302" hits="1" branch="false"/>
            <line number="329" hits="1" branch="false"/>
            <line number="330" hits="1" branch="false"/>
            <line number="331" hits="1" branch="false"/>
            <line number="332" hits="1" branch="false"/>
            <line number="335" hits="1" branch="false"/>
            <line number="338" hits="1" branch="false"/>
            <line number="341" hits="1" branch="false"/>
            <line number="342" hits="1" branch="false"/>
            <line number="345" hits="1" branch="false"/>
            <line number="346" hits="1" branch="false"/>
            <line number="347" hits="1" branch="false"/>
            <line number="348" hits="1" branch="false"/>
            <line number="349" hits="1" branch="false"/>
            <line number="350" hits="1" branch="false"/>
            <line number="351" hits="1" branch="false"/>
            <line number="352" hits="1" branch="false"/>
            <line number="354" hits="1" branch="false"/>
            <line number="355" hits="1" branch="false"/>
            <line number="358" hits="1" branch="false"/>
            <line number="359" hits="1" branch="false"/>
            <line number="360" hits="1" branch="false"/>
            <line number="361" hits="1" branch="false"/>
            <line number="362" hits="1" branch="false"/>
            <line number="363" hits="1" branch="false"/>
            <line number="364" hits="1" branch="false"/>
            <line number="365" hits="1" branch="false"/>
            <line number="366" hits="1" branch="false"/>
            <line number="367" hits="1" branch="false"/>
            <line number="368" hits="1" branch="false"/>
            <line number="369" hits="1" branch="false"/>
            <line number="370" hits="1" branch="false"/>
            <line number="371" hits="1" branch="false"/>
            <line number="372" hits="1" branch="false"/>
            <line number="373" hits="1" branch="false"/>
            <line number="374" hits="1" branch="false"/>
            <line number="375" hits="1" branch="false"/>
            <line number="378" hits="1" branch="false"/>
            <line number="379" hits="1" branch="false"/>
            <line number="380" hits="1" branch="false"/>
            <line number="381" hits="1" branch="false"/>
            <line number="382" hits="1" branch="false"/>
            <line number="383" hits="1" branch="false"/>
            <line number="384" hits="1" branch="false"/>
            <line number="385" hits="1" branch="false"/>
            <line number="386" hits="1" branch="false"/>
            <line number="387" hits="1" branch="false"/>
            <line number="389" hits="1" branch="false"/>
            <line number="390" hits="1" branch="false"/>
            <line number="391" hits="1" branch="false"/>
            <line number="392" hits="1" branch="false"/>
            <line number="393" hits="1" branch="false"/>
            <line number="394" hits="1" branch="false"/>
            <line number="395" hits="1" branch="false"/>
            <line number="396" hits="1" branch="false"/>
            <line number="397" hits="1" branch="false"/>
            <line number="398" hits="1" branch="false"/>
            <line number="399" hits="1" branch="false"/>
            <line number="400" hits="1" branch="false"/>
            <line number="401" hits="1" branch="false"/>
            <line number="402" hits="1" branch="false"/>
            <line number="403" hits="1" branch="false"/>
            <line number="406" hits="1" branch="false"/>
            <line number="407" hits="1" branch="false"/>
            <line number="408" hits="1" branch="false"/>
            <line number="409" hits="1" branch="false"/>
            <line number="410" hits="1" branch="false"/>
            <line number="411" hits="1" branch="false"/>
            <line number="413" hits="1" branch="false"/>
            <line number="414" hits="1" branch="false"/>
            <line number="415" hits="1" branch="false"/>
            <line number="416" hits="1" branch="false"/>
            <line number="417" hits="1" branch="false"/>
            <line number="418" hits="1" branch="false"/>
            <line number="421" hits="1" branch="false"/>
            <line number="422" hits="1" branch="false"/>
            <line number="423" hits="1" branch="false"/>
            <line number="424" hits="1" branch="false"/>
            <line number="425" hits="1" branch="false"/>
            <line number="426" hits="1" branch="false"/>
            <line number="427" hits="1" branch="false"/>
            <line number="428" hits="1" branch="false"/>
            <line number="430" hits="1" branch="false"/>
            <line number="431" hits="1" branch="false"/>
            <line number="432" hits="1" branch="false"/>
            <line number="433" hits="1" branch="false"/>
            <line number="435" hits="1" branch="false"/>
            <line number="436" hits="1" branch="false"/>
            <line number="437" hits="1" branch="false"/>
            <line number="438" hits="1" branch="false"/>
            <line number="439" hits="1" branch="false"/>
            <line number="440" hits="1" branch="false"/>
            <line number="485" hits="1" branch="false"/>
            <line number="488" hits="1" branch="false"/>
            <line number="491" hits="1" branch="false"/>
            <line number="492" hits="1" branch="false"/>
            <line number="495" hits="1" branch="false"/>
            <line number="496" hits="1" branch="false"/>
            <line number="497" hits="1" branch="false"/>
            <line number="498" hits="1" branch="false"/>
            <line number="499" hits="1" branch="false"/>
            <line number="500" hits="1" branch="false"/>
            <line number="501" hits="1" branch="false"/>
            <line number="502" hits="1" branch="false"/>
            <line number="503" hits="1" branch="false"/>
            <line number="504" hits="1" branch="false"/>
            <line number="505" hits="1" branch="false"/>
            <line number="506" hits="1" branch="false"/>
            <line number="507" hits="1" branch="false"/>
            <line number="508" hits="1" branch="false"/>
            <line number="509" hits="1" branch="false"/>
            <line number="510" hits="1" branch="false"/>
            <line number="513" hits="1" branch="false"/>
            <line number="516" hits="1" branch="false"/>
            <line number="519" hits="1" branch="false"/>
            <line number="520" hits="1" branch="false"/>
            <line number="521" hits="1" branch="false"/>
            <line number="524" hits="1" branch="false"/>
            <line number="525" hits="1" branch="false"/>
            <line number="527" hits="1" branch="false"/>
          </lines>
        </class>
      </classes>
    </package>
  </packages>
</coverage>
